[+] Containers:
 |- [+] Container: /Game/TopDown/Maps/TopDownMap
 |   |- [+] ActorDescs:
 |   |   |- Guid:031D799B4D46CE093B2BEAB68064B9C1 BaseClass: NativeClass:/Script/Engine.StaticMeshActor Name:StaticMeshActor_UAID_F02F7415F77F584D01_1177597966 Label:Box SpatiallyLoaded:1 Bounds:IsValid=true, Min=(X=5096.637 Y=-9349.276 Z=160.000), Max=(X=6183.363 Y=-8210.724 Z=587.672) RuntimeGrid:None EditorOnly:0 RuntimeOnly:0 HLODRelevant:0
 |   |   |- Guid:130B51D2436F90C717484AB06ADFB53F BaseClass: NativeClass:/Script/Landscape.LandscapeStreamingProxy Name:LandscapeStreamingProxy_CM7BQYZNSLGTH3SX9HERES4PR_126_2_0_0 Label:LandscapeStreamingProxy_2_0_0 SpatiallyLoaded:1 Bounds:IsValid=true, Min=(X=0.000 Y=-25200.000 Z=0.000), Max=(X=12600.000 Y=-12600.000 Z=1126.562) RuntimeGrid:None EditorOnly:0 RuntimeOnly:0 HLODRelevant:1
 |   |   |- Guid:147C8D134B12D635012D5F8C57D2C96F BaseClass: NativeClass:/Script/Engine.PostProcessVolume Name:PostProcessVolume_1 Label:PostProcessVolume SpatiallyLoaded:0 Bounds:IsValid=true, Min=(X=0.000 Y=0.000 Z=400.000), Max=(X=200.000 Y=200.000 Z=600.000) RuntimeGrid:None EditorOnly:0 RuntimeOnly:0 HLODRelevant:0 FolderPath:Lighting FolderGuid:4C9334684BA61B42C769F799D2576455
 |   |   |- Guid:1742DF43475F097453197AA79C7473D9 BaseClass: NativeClass:/Script/Engine.SkyLight Name:SkyLight_1 Label:SkyLight SpatiallyLoaded:0 Bounds:IsValid=true, Min=(X=0.000 Y=0.000 Z=690.000), Max=(X=0.000 Y=0.000 Z=690.000) RuntimeGrid:None EditorOnly:0 RuntimeOnly:0 HLODRelevant:0 FolderPath:Lighting FolderGuid:4C9334684BA61B42C769F799D2576455
 |   |   |- Guid:1FEC8FAC495CEF0CE32492ADCBB96BAE BaseClass: NativeClass:/Script/AIModule.NavLinkProxy Name:NavLinkProxy_3 Label:NavLinkProxy3 SpatiallyLoaded:1 Bounds:IsValid=true, Min=(X=2240.000 Y=1030.000 Z=130.000), Max=(X=2240.000 Y=1030.000 Z=130.000) RuntimeGrid:None EditorOnly:0 RuntimeOnly:0 HLODRelevant:0 FolderPath:Navigation FolderGuid:AE45D61F453CC144CF8289862C276E89
 |   |   |- Guid:23F75C11411041578FD778A9DF106ECE BaseClass: NativeClass:/Script/Landscape.LandscapeStreamingProxy Name:LandscapeStreamingProxy_CM7BQYZNSLGTH3SX9HERES4PR_126_2_2_0 Label:LandscapeStreamingProxy_2_2_0 SpatiallyLoaded:1 Bounds:IsValid=true, Min=(X=0.000 Y=0.000 Z=-644.531), Max=(X=12600.000 Y=12600.000 Z=4056.250) RuntimeGrid:None EditorOnly:0 RuntimeOnly:0 HLODRelevant:1
 |   |   |- Guid:2DF0D95440BE0EDA81652F860DC7268E BaseClass: NativeClass:/Script/Engine.WorldDataLayers Name:WorldDataLayers Label:WorldDataLayers SpatiallyLoaded:0 Bounds:IsValid=true, Min=(X=0.000 Y=0.000 Z=0.000), Max=(X=0.000 Y=0.000 Z=0.000) RuntimeGrid:None EditorOnly:0 RuntimeOnly:0 HLODRelevant:0
 |   |   |- Guid:5B01E70A40FD2B666134A1B86F6B582E BaseClass: NativeClass:/Script/Engine.StaticMeshActor Name:StaticMeshActor_21 Label:SM_Ramp2 SpatiallyLoaded:1 Bounds:IsValid=true, Min=(X=1400.000 Y=600.000 Z=0.000), Max=(X=1600.000 Y=1000.000 Z=100.000) RuntimeGrid:None EditorOnly:0 RuntimeOnly:0 HLODRelevant:1 FolderPath:Block01 FolderGuid:4C556963462B5D49496AD286A4690C47
 |   |   |- Guid:6252C7D64ACF162A73EE65B11FE214D1 BaseClass: NativeClass:/Script/Engine.SkyAtmosphere Name:SkyAtmosphere_1 Label:SkyAtmosphere SpatiallyLoaded:0 Bounds:IsValid=true, Min=(X=0.000 Y=0.000 Z=1020.000), Max=(X=0.000 Y=0.000 Z=1020.000) RuntimeGrid:None EditorOnly:0 RuntimeOnly:0 HLODRelevant:0 FolderPath:Lighting FolderGuid:4C9334684BA61B42C769F799D2576455
 |   |   |- Guid:66BCBF874D2A22ADC6523B95EE812CA3 BaseClass: NativeClass:/Script/Engine.StaticMeshActor Name:StaticMeshActor_UAID_A4AE111137DC5CFB00_1660657071 Label:SM_SkySphere SpatiallyLoaded:0 Bounds:IsValid=true, Min=(X=-1638400.000 Y=-1638400.000 Z=-1638400.000), Max=(X=1638400.000 Y=1638400.000 Z=1638400.000) RuntimeGrid:None EditorOnly:0 RuntimeOnly:0 HLODRelevant:1 FolderPath:Lighting FolderGuid:4C9334684BA61B42C769F799D2576455
 |   |   |- Guid:742D0AC143383B881E2FDA91366C9CB4 BaseClass: NativeClass:/Script/Landscape.LandscapeStreamingProxy Name:LandscapeStreamingProxy_CM7BQYZNSLGTH3SX9HERES4PR_126_2_1_0 Label:LandscapeStreamingProxy_2_1_0 SpatiallyLoaded:1 Bounds:IsValid=true, Min=(X=0.000 Y=-12600.000 Z=50.000), Max=(X=12600.000 Y=0.000 Z=1316.406) RuntimeGrid:None EditorOnly:0 RuntimeOnly:0 HLODRelevant:1
 |   |   |- Guid:77F893B3468595EE782136AD620D7EF4 BaseClass: NativeClass:/Script/Engine.VolumetricCloud Name:VolumetricCloud_0 Label:VolumetricCloud SpatiallyLoaded:0 Bounds:IsValid=true, Min=(X=0.000 Y=0.000 Z=820.000), Max=(X=0.000 Y=0.000 Z=820.000) RuntimeGrid:None EditorOnly:0 RuntimeOnly:0 HLODRelevant:0 FolderPath:Lighting FolderGuid:4C9334684BA61B42C769F799D2576455
 |   |   |- Guid:7F18974B44FB5A684D59419F4613BF9C BaseClass: NativeClass:/Script/Landscape.LandscapeStreamingProxy Name:LandscapeStreamingProxy_CM7BQYZNSLGTH3SX9HERES4PR_126_1_1_0 Label:LandscapeStreamingProxy_1_1_0 SpatiallyLoaded:1 Bounds:IsValid=true, Min=(X=-12600.000 Y=-12600.000 Z=0.000), Max=(X=0.000 Y=0.000 Z=200.000) RuntimeGrid:None EditorOnly:0 RuntimeOnly:0 HLODRelevant:1
 |   |   |- Guid:83F518E944D823505EAB7CB9FD1FC8D9 BaseClass: NativeClass:/Script/Landscape.LandscapeStreamingProxy Name:LandscapeStreamingProxy_CM7BQYZNSLGTH3SX9HERES4PR_126_0_0_0 Label:LandscapeStreamingProxy_0_0_0 SpatiallyLoaded:1 Bounds:IsValid=true, Min=(X=-25200.000 Y=-25200.000 Z=0.000), Max=(X=-12600.000 Y=-12600.000 Z=200.000) RuntimeGrid:None EditorOnly:0 RuntimeOnly:0 HLODRelevant:1
 |   |   |- Guid:86CA7DAE45B573FE61019BAC00893B0E BaseClass: NativeClass:/Script/Engine.StaticMeshActor Name:StaticMeshActor_UAID_F02F7415F77F574D01_1188148784 Label:SM_Plains_Floors_Rubble SpatiallyLoaded:1 Bounds:IsValid=true, Min=(X=2470.710 Y=-1188.010 Z=86.193), Max=(X=2808.672 Y=-926.841 Z=181.208) RuntimeGrid:None EditorOnly:0 RuntimeOnly:0 HLODRelevant:1
 |   |   |- Guid:88A01FB6458CCD6D38990CB653F7C0BE BaseClass: NativeClass:/Script/Landscape.Landscape Name:Landscape_UAID_F02F7415F77F264C01_2074329103 Label:Landscape SpatiallyLoaded:0 Bounds:IsValid=true, Min=(X=-25200.000 Y=-25200.000 Z=100.000), Max=(X=-25200.000 Y=-25200.000 Z=100.000) RuntimeGrid:None EditorOnly:0 RuntimeOnly:0 HLODRelevant:0
 |   |   |- Guid:90E7E2B54DA50B63AEFEFB8DBE2CDEFC BaseClass: NativeClass:/Script/Landscape.LandscapeStreamingProxy Name:LandscapeStreamingProxy_CM7BQYZNSLGTH3SX9HERES4PR_126_2_3_0 Label:LandscapeStreamingProxy_2_3_0 SpatiallyLoaded:1 Bounds:IsValid=true, Min=(X=0.000 Y=12600.000 Z=-1483.594), Max=(X=12600.000 Y=25200.000 Z=3692.969) RuntimeGrid:None EditorOnly:0 RuntimeOnly:0 HLODRelevant:1
 |   |   |- Guid:9D303E074E47792732FF7C88095D44C0 BaseClass: NativeClass:/Script/Landscape.LandscapeStreamingProxy Name:LandscapeStreamingProxy_CM7BQYZNSLGTH3SX9HERES4PR_126_0_3_0 Label:LandscapeStreamingProxy_0_3_0 SpatiallyLoaded:1 Bounds:IsValid=true, Min=(X=-25200.000 Y=12600.000 Z=-3886.719), Max=(X=-12600.000 Y=25200.000 Z=131.250) RuntimeGrid:None EditorOnly:0 RuntimeOnly:0 HLODRelevant:1
 |   |   |- Guid:A55D8CA1426B0AD567805D97EFC4D957 BaseClass: NativeClass:/Script/Landscape.LandscapeStreamingProxy Name:LandscapeStreamingProxy_CM7BQYZNSLGTH3SX9HERES4PR_126_1_3_0 Label:LandscapeStreamingProxy_1_3_0 SpatiallyLoaded:1 Bounds:IsValid=true, Min=(X=-12600.000 Y=12600.000 Z=-377.344), Max=(X=0.000 Y=25200.000 Z=755.469) RuntimeGrid:None EditorOnly:0 RuntimeOnly:0 HLODRelevant:1
 |   |   |- Guid:A7595B3145BFF03B98A525801CDF226C BaseClass: NativeClass:/Script/Landscape.LandscapeStreamingProxy Name:LandscapeStreamingProxy_CM7BQYZNSLGTH3SX9HERES4PR_126_1_0_0 Label:LandscapeStreamingProxy_1_0_0 SpatiallyLoaded:1 Bounds:IsValid=true, Min=(X=-12600.000 Y=-25200.000 Z=0.000), Max=(X=0.000 Y=-12600.000 Z=200.000) RuntimeGrid:None EditorOnly:0 RuntimeOnly:0 HLODRelevant:1
 |   |   |- Guid:AECEEEE741E6DE68F6843FA49564A956 BaseClass: NativeClass:/Script/Engine.DirectionalLight Name:DirectionalLight_1 Label:DirectionalLight SpatiallyLoaded:0 Bounds:IsValid=true, Min=(X=-1048576.000 Y=-1048576.000 Z=-1048576.000), Max=(X=1048576.000 Y=1048576.000 Z=1048576.000) RuntimeGrid:None EditorOnly:0 RuntimeOnly:0 HLODRelevant:0 FolderPath:Lighting FolderGuid:4C9334684BA61B42C769F799D2576455
 |   |   |- Guid:B1014BA540A49EACDBD6CCB9C139E814 BaseClass: NativeClass:/Script/Landscape.LandscapeStreamingProxy Name:LandscapeStreamingProxy_CM7BQYZNSLGTH3SX9HERES4PR_126_0_1_0 Label:LandscapeStreamingProxy_0_1_0 SpatiallyLoaded:1 Bounds:IsValid=true, Min=(X=-25200.000 Y=-12600.000 Z=-1564.062), Max=(X=-12600.000 Y=0.000 Z=200.000) RuntimeGrid:None EditorOnly:0 RuntimeOnly:0 HLODRelevant:1
 |   |   |- Guid:B6802E6C4A7CFADA24BC1F96F9EFF6A7 BaseClass: NativeClass:/Script/Landscape.LandscapeStreamingProxy Name:LandscapeStreamingProxy_CM7BQYZNSLGTH3SX9HERES4PR_126_3_1_0 Label:LandscapeStreamingProxy_3_1_0 SpatiallyLoaded:1 Bounds:IsValid=true, Min=(X=12600.000 Y=-12600.000 Z=100.000), Max=(X=25200.000 Y=0.000 Z=2845.312) RuntimeGrid:None EditorOnly:0 RuntimeOnly:0 HLODRelevant:1
 |   |   |- Guid:BC518BCA4B539273EAC9CB8C895AEDA0 BaseClass: NativeClass:/Script/Engine.StaticMeshActor Name:StaticMeshActor_UAID_F02F7415F77F574D01_1212291785 Label:SM_Cherry_Tree SpatiallyLoaded:1 Bounds:IsValid=true, Min=(X=-1758.619 Y=-2833.771 Z=120.000), Max=(X=-1354.752 Y=-2482.689 Z=759.652) RuntimeGrid:None EditorOnly:0 RuntimeOnly:0 HLODRelevant:1
 |   |   |- Guid:BDF34568468BF572E6D04EAF33DAB054 BaseClass: NativeClass:/Script/Engine.StaticMeshActor Name:StaticMeshActor_UAID_F02F7415F77F584D01_2135054972 Label:SM_Plains_Scrap_BridgeRail2 SpatiallyLoaded:1 Bounds:IsValid=true, Min=(X=3745.460 Y=13935.491 Z=-282.586), Max=(X=4049.112 Y=14960.336 Z=1279.354) RuntimeGrid:None EditorOnly:0 RuntimeOnly:0 HLODRelevant:1
 |   |   |- Guid:C81786A4417C98DC3952D7BB9D023436 BaseClass: NativeClass:/Script/Engine.StaticMeshActor Name:StaticMeshActor_25 Label:SM_Cube9 SpatiallyLoaded:1 Bounds:IsValid=true, Min=(X=1400.000 Y=400.000 Z=0.000), Max=(X=2400.000 Y=600.000 Z=100.000) RuntimeGrid:None EditorOnly:0 RuntimeOnly:0 HLODRelevant:1 FolderPath:Block01 FolderGuid:4C556963462B5D49496AD286A4690C47
 |   |   |- Guid:CCDD89584E0A9025F52AEDA51D60CA54 BaseClass: NativeClass:/Script/NavigationSystem.NavMeshBoundsVolume Name:NavMeshBoundsVolume_1 Label:NavMeshBoundsVolume SpatiallyLoaded:0 Bounds:IsValid=true, Min=(X=-22900.000 Y=-26462.500 Z=40.000), Max=(X=25900.000 Y=29962.500 Z=540.000) RuntimeGrid:None EditorOnly:0 RuntimeOnly:0 HLODRelevant:0 FolderPath:Navigation FolderGuid:AE45D61F453CC144CF8289862C276E89
 |   |   |- Guid:CD25240B4135AF5E454D1EB05A6DAB13 BaseClass: NativeClass:/Script/Engine.StaticMeshActor Name:StaticMeshActor_UAID_F02F7415F77F574D01_1220621786 Label:SM_Cherry_Tree2 SpatiallyLoaded:1 Bounds:IsValid=true, Min=(X=-2308.619 Y=-893.771 Z=120.000), Max=(X=-1904.752 Y=-542.689 Z=759.652) RuntimeGrid:None EditorOnly:0 RuntimeOnly:0 HLODRelevant:1
 |   |   |- Guid:D24D61B944EF71BE7BC469B7EB239299 BaseClass: NativeClass:/Script/Engine.ExponentialHeightFog Name:ExponentialHeightFog_1 Label:ExponentialHeightFog SpatiallyLoaded:0 Bounds:IsValid=true, Min=(X=-5600.000 Y=-50.000 Z=-6850.000), Max=(X=-5600.000 Y=-50.000 Z=-6850.000) RuntimeGrid:None EditorOnly:0 RuntimeOnly:0 HLODRelevant:0 FolderPath:Lighting FolderGuid:4C9334684BA61B42C769F799D2576455
 |   |   |- Guid:D654107242FB2CBDDD89D08BDEC61B79 BaseClass: NativeClass:/Script/Engine.StaticMeshActor Name:StaticMeshActor_UAID_F02F7415F77F574D01_1221850787 Label:SM_Cherry_Tree3 SpatiallyLoaded:1 Bounds:IsValid=true, Min=(X=-1798.619 Y=176.229 Z=120.000), Max=(X=-1394.752 Y=527.311 Z=759.652) RuntimeGrid:None EditorOnly:0 RuntimeOnly:0 HLODRelevant:1
 |   |   |- Guid:DD80DFCF4078D2B27F87F4ACFE3B85BE BaseClass: NativeClass:/Script/Landscape.LandscapeStreamingProxy Name:LandscapeStreamingProxy_CM7BQYZNSLGTH3SX9HERES4PR_126_3_0_0 Label:LandscapeStreamingProxy_3_0_0 SpatiallyLoaded:1 Bounds:IsValid=true, Min=(X=12600.000 Y=-25200.000 Z=-25.000), Max=(X=25200.000 Y=-12600.000 Z=1137.500) RuntimeGrid:None EditorOnly:0 RuntimeOnly:0 HLODRelevant:1
 |   |   |- Guid:DDEE8E1A4F7BF78693D591B4CD67A261 BaseClass: NativeClass:/Script/Landscape.LandscapeStreamingProxy Name:LandscapeStreamingProxy_CM7BQYZNSLGTH3SX9HERES4PR_126_3_3_0 Label:LandscapeStreamingProxy_3_3_0 SpatiallyLoaded:1 Bounds:IsValid=true, Min=(X=12600.000 Y=12600.000 Z=-543.750), Max=(X=25200.000 Y=25200.000 Z=2601.562) RuntimeGrid:None EditorOnly:0 RuntimeOnly:0 HLODRelevant:1
 |   |   |- Guid:EFD975C0484480375FE869B341CC32C1 BaseClass: NativeClass:/Script/Landscape.LandscapeStreamingProxy Name:LandscapeStreamingProxy_CM7BQYZNSLGTH3SX9HERES4PR_126_0_2_0 Label:LandscapeStreamingProxy_0_2_0 SpatiallyLoaded:1 Bounds:IsValid=true, Min=(X=-25200.000 Y=0.000 Z=-3896.875), Max=(X=-12600.000 Y=12600.000 Z=100.000) RuntimeGrid:None EditorOnly:0 RuntimeOnly:0 HLODRelevant:1
 |   |   |- Guid:F33CC5014C49925B3A9D52A063AF483F BaseClass: NativeClass:/Script/Engine.PlayerStart Name:PlayerStart_0 Label:PlayerStart SpatiallyLoaded:0 Bounds:IsValid=true, Min=(X=-1370.000 Y=-1050.000 Z=120.013), Max=(X=-1290.000 Y=-970.000 Z=304.013) RuntimeGrid:None EditorOnly:0 RuntimeOnly:0 HLODRelevant:0
 |   |   |- Guid:F7B1FA4541FA155BCD53CC8DCC32AF59 BaseClass: NativeClass:/Script/Landscape.LandscapeStreamingProxy Name:LandscapeStreamingProxy_CM7BQYZNSLGTH3SX9HERES4PR_126_1_2_0 Label:LandscapeStreamingProxy_1_2_0 SpatiallyLoaded:1 Bounds:IsValid=true, Min=(X=-12600.000 Y=0.000 Z=-246.875), Max=(X=0.000 Y=12600.000 Z=200.000) RuntimeGrid:None EditorOnly:0 RuntimeOnly:0 HLODRelevant:1
 |   |   |- Guid:F9A21C5143DF37D25A9850B7C3387681 BaseClass: NativeClass:/Script/Landscape.LandscapeStreamingProxy Name:LandscapeStreamingProxy_CM7BQYZNSLGTH3SX9HERES4PR_126_3_2_0 Label:LandscapeStreamingProxy_3_2_0 SpatiallyLoaded:1 Bounds:IsValid=true, Min=(X=12600.000 Y=0.000 Z=130.469), Max=(X=25200.000 Y=12600.000 Z=3242.188) RuntimeGrid:None EditorOnly:0 RuntimeOnly:0 HLODRelevant:1
 |   |   |- Guid:FCD047524FF03AA77F6853AF8C2EC5B3 BaseClass: NativeClass:/Script/Engine.StaticMeshActor Name:StaticMeshActor_UAID_F02F7415F77F574D01_1175677783 Label:SM_Plains_Scrap_BridgeRail01 SpatiallyLoaded:1 Bounds:IsValid=true, Min=(X=4694.890 Y=10585.722 Z=-282.586), Max=(X=5557.495 Y=11338.741 Z=1279.354) RuntimeGrid:None EditorOnly:0 RuntimeOnly:0 HLODRelevant:1
 |   |- [+] Clusters:
 |   |   |- [+] [  0]
 |   |   |   |- Guid:5B01E70A40FD2B666134A1B86F6B582E BaseClass: NativeClass:/Script/Engine.StaticMeshActor Name:StaticMeshActor_21 Label:SM_Ramp2 SpatiallyLoaded:1 Bounds:IsValid=true, Min=(X=1400.000 Y=600.000 Z=0.000), Max=(X=1600.000 Y=1000.000 Z=100.000) RuntimeGrid:None EditorOnly:0 RuntimeOnly:0 HLODRelevant:1 FolderPath:Block01 FolderGuid:4C556963462B5D49496AD286A4690C47
 |   |   |- [+] [  1]
 |   |   |   |- Guid:CCDD89584E0A9025F52AEDA51D60CA54 BaseClass: NativeClass:/Script/NavigationSystem.NavMeshBoundsVolume Name:NavMeshBoundsVolume_1 Label:NavMeshBoundsVolume SpatiallyLoaded:0 Bounds:IsValid=true, Min=(X=-22900.000 Y=-26462.500 Z=40.000), Max=(X=25900.000 Y=29962.500 Z=540.000) RuntimeGrid:None EditorOnly:0 RuntimeOnly:0 HLODRelevant:0 FolderPath:Navigation FolderGuid:AE45D61F453CC144CF8289862C276E89
 |   |   |- [+] [  2]
 |   |   |   |- Guid:DD80DFCF4078D2B27F87F4ACFE3B85BE BaseClass: NativeClass:/Script/Landscape.LandscapeStreamingProxy Name:LandscapeStreamingProxy_CM7BQYZNSLGTH3SX9HERES4PR_126_3_0_0 Label:LandscapeStreamingProxy_3_0_0 SpatiallyLoaded:1 Bounds:IsValid=true, Min=(X=12600.000 Y=-25200.000 Z=-25.000), Max=(X=25200.000 Y=-12600.000 Z=1137.500) RuntimeGrid:None EditorOnly:0 RuntimeOnly:0 HLODRelevant:1
 |   |   |- [+] [  3]
 |   |   |   |- Guid:B6802E6C4A7CFADA24BC1F96F9EFF6A7 BaseClass: NativeClass:/Script/Landscape.LandscapeStreamingProxy Name:LandscapeStreamingProxy_CM7BQYZNSLGTH3SX9HERES4PR_126_3_1_0 Label:LandscapeStreamingProxy_3_1_0 SpatiallyLoaded:1 Bounds:IsValid=true, Min=(X=12600.000 Y=-12600.000 Z=100.000), Max=(X=25200.000 Y=0.000 Z=2845.312) RuntimeGrid:None EditorOnly:0 RuntimeOnly:0 HLODRelevant:1
 |   |   |- [+] [  4]
 |   |   |   |- Guid:F9A21C5143DF37D25A9850B7C3387681 BaseClass: NativeClass:/Script/Landscape.LandscapeStreamingProxy Name:LandscapeStreamingProxy_CM7BQYZNSLGTH3SX9HERES4PR_126_3_2_0 Label:LandscapeStreamingProxy_3_2_0 SpatiallyLoaded:1 Bounds:IsValid=true, Min=(X=12600.000 Y=0.000 Z=130.469), Max=(X=25200.000 Y=12600.000 Z=3242.188) RuntimeGrid:None EditorOnly:0 RuntimeOnly:0 HLODRelevant:1
 |   |   |- [+] [  5]
 |   |   |   |- Guid:23F75C11411041578FD778A9DF106ECE BaseClass: NativeClass:/Script/Landscape.LandscapeStreamingProxy Name:LandscapeStreamingProxy_CM7BQYZNSLGTH3SX9HERES4PR_126_2_2_0 Label:LandscapeStreamingProxy_2_2_0 SpatiallyLoaded:1 Bounds:IsValid=true, Min=(X=0.000 Y=0.000 Z=-644.531), Max=(X=12600.000 Y=12600.000 Z=4056.250) RuntimeGrid:None EditorOnly:0 RuntimeOnly:0 HLODRelevant:1
 |   |   |- [+] [  6]
 |   |   |   |- Guid:A55D8CA1426B0AD567805D97EFC4D957 BaseClass: NativeClass:/Script/Landscape.LandscapeStreamingProxy Name:LandscapeStreamingProxy_CM7BQYZNSLGTH3SX9HERES4PR_126_1_3_0 Label:LandscapeStreamingProxy_1_3_0 SpatiallyLoaded:1 Bounds:IsValid=true, Min=(X=-12600.000 Y=12600.000 Z=-377.344), Max=(X=0.000 Y=25200.000 Z=755.469) RuntimeGrid:None EditorOnly:0 RuntimeOnly:0 HLODRelevant:1
 |   |   |- [+] [  7]
 |   |   |   |- Guid:B1014BA540A49EACDBD6CCB9C139E814 BaseClass: NativeClass:/Script/Landscape.LandscapeStreamingProxy Name:LandscapeStreamingProxy_CM7BQYZNSLGTH3SX9HERES4PR_126_0_1_0 Label:LandscapeStreamingProxy_0_1_0 SpatiallyLoaded:1 Bounds:IsValid=true, Min=(X=-25200.000 Y=-12600.000 Z=-1564.062), Max=(X=-12600.000 Y=0.000 Z=200.000) RuntimeGrid:None EditorOnly:0 RuntimeOnly:0 HLODRelevant:1
 |   |   |- [+] [  8]
 |   |   |   |- Guid:1FEC8FAC495CEF0CE32492ADCBB96BAE BaseClass: NativeClass:/Script/AIModule.NavLinkProxy Name:NavLinkProxy_3 Label:NavLinkProxy3 SpatiallyLoaded:1 Bounds:IsValid=true, Min=(X=2240.000 Y=1030.000 Z=130.000), Max=(X=2240.000 Y=1030.000 Z=130.000) RuntimeGrid:None EditorOnly:0 RuntimeOnly:0 HLODRelevant:0 FolderPath:Navigation FolderGuid:AE45D61F453CC144CF8289862C276E89
 |   |   |- [+] [  9]
 |   |   |   |- Guid:6252C7D64ACF162A73EE65B11FE214D1 BaseClass: NativeClass:/Script/Engine.SkyAtmosphere Name:SkyAtmosphere_1 Label:SkyAtmosphere SpatiallyLoaded:0 Bounds:IsValid=true, Min=(X=0.000 Y=0.000 Z=1020.000), Max=(X=0.000 Y=0.000 Z=1020.000) RuntimeGrid:None EditorOnly:0 RuntimeOnly:0 HLODRelevant:0 FolderPath:Lighting FolderGuid:4C9334684BA61B42C769F799D2576455
 |   |   |- [+] [ 10]
 |   |   |   |- Guid:D24D61B944EF71BE7BC469B7EB239299 BaseClass: NativeClass:/Script/Engine.ExponentialHeightFog Name:ExponentialHeightFog_1 Label:ExponentialHeightFog SpatiallyLoaded:0 Bounds:IsValid=true, Min=(X=-5600.000 Y=-50.000 Z=-6850.000), Max=(X=-5600.000 Y=-50.000 Z=-6850.000) RuntimeGrid:None EditorOnly:0 RuntimeOnly:0 HLODRelevant:0 FolderPath:Lighting FolderGuid:4C9334684BA61B42C769F799D2576455
 |   |   |- [+] [ 11]
 |   |   |   |- Guid:77F893B3468595EE782136AD620D7EF4 BaseClass: NativeClass:/Script/Engine.VolumetricCloud Name:VolumetricCloud_0 Label:VolumetricCloud SpatiallyLoaded:0 Bounds:IsValid=true, Min=(X=0.000 Y=0.000 Z=820.000), Max=(X=0.000 Y=0.000 Z=820.000) RuntimeGrid:None EditorOnly:0 RuntimeOnly:0 HLODRelevant:0 FolderPath:Lighting FolderGuid:4C9334684BA61B42C769F799D2576455
 |   |   |- [+] [ 12]
 |   |   |   |- Guid:F33CC5014C49925B3A9D52A063AF483F BaseClass: NativeClass:/Script/Engine.PlayerStart Name:PlayerStart_0 Label:PlayerStart SpatiallyLoaded:0 Bounds:IsValid=true, Min=(X=-1370.000 Y=-1050.000 Z=120.013), Max=(X=-1290.000 Y=-970.000 Z=304.013) RuntimeGrid:None EditorOnly:0 RuntimeOnly:0 HLODRelevant:0
 |   |   |- [+] [ 13]
 |   |   |   |- Guid:147C8D134B12D635012D5F8C57D2C96F BaseClass: NativeClass:/Script/Engine.PostProcessVolume Name:PostProcessVolume_1 Label:PostProcessVolume SpatiallyLoaded:0 Bounds:IsValid=true, Min=(X=0.000 Y=0.000 Z=400.000), Max=(X=200.000 Y=200.000 Z=600.000) RuntimeGrid:None EditorOnly:0 RuntimeOnly:0 HLODRelevant:0 FolderPath:Lighting FolderGuid:4C9334684BA61B42C769F799D2576455
 |   |   |- [+] [ 14]
 |   |   |   |- Guid:A7595B3145BFF03B98A525801CDF226C BaseClass: NativeClass:/Script/Landscape.LandscapeStreamingProxy Name:LandscapeStreamingProxy_CM7BQYZNSLGTH3SX9HERES4PR_126_1_0_0 Label:LandscapeStreamingProxy_1_0_0 SpatiallyLoaded:1 Bounds:IsValid=true, Min=(X=-12600.000 Y=-25200.000 Z=0.000), Max=(X=0.000 Y=-12600.000 Z=200.000) RuntimeGrid:None EditorOnly:0 RuntimeOnly:0 HLODRelevant:1
 |   |   |- [+] [ 15]
 |   |   |   |- Guid:742D0AC143383B881E2FDA91366C9CB4 BaseClass: NativeClass:/Script/Landscape.LandscapeStreamingProxy Name:LandscapeStreamingProxy_CM7BQYZNSLGTH3SX9HERES4PR_126_2_1_0 Label:LandscapeStreamingProxy_2_1_0 SpatiallyLoaded:1 Bounds:IsValid=true, Min=(X=0.000 Y=-12600.000 Z=50.000), Max=(X=12600.000 Y=0.000 Z=1316.406) RuntimeGrid:None EditorOnly:0 RuntimeOnly:0 HLODRelevant:1
 |   |   |- [+] [ 16]
 |   |   |   |- Guid:9D303E074E47792732FF7C88095D44C0 BaseClass: NativeClass:/Script/Landscape.LandscapeStreamingProxy Name:LandscapeStreamingProxy_CM7BQYZNSLGTH3SX9HERES4PR_126_0_3_0 Label:LandscapeStreamingProxy_0_3_0 SpatiallyLoaded:1 Bounds:IsValid=true, Min=(X=-25200.000 Y=12600.000 Z=-3886.719), Max=(X=-12600.000 Y=25200.000 Z=131.250) RuntimeGrid:None EditorOnly:0 RuntimeOnly:0 HLODRelevant:1
 |   |   |- [+] [ 17]
 |   |   |   |- Guid:C81786A4417C98DC3952D7BB9D023436 BaseClass: NativeClass:/Script/Engine.StaticMeshActor Name:StaticMeshActor_25 Label:SM_Cube9 SpatiallyLoaded:1 Bounds:IsValid=true, Min=(X=1400.000 Y=400.000 Z=0.000), Max=(X=2400.000 Y=600.000 Z=100.000) RuntimeGrid:None EditorOnly:0 RuntimeOnly:0 HLODRelevant:1 FolderPath:Block01 FolderGuid:4C556963462B5D49496AD286A4690C47
 |   |   |- [+] [ 18]
 |   |   |   |- Guid:AECEEEE741E6DE68F6843FA49564A956 BaseClass: NativeClass:/Script/Engine.DirectionalLight Name:DirectionalLight_1 Label:DirectionalLight SpatiallyLoaded:0 Bounds:IsValid=true, Min=(X=-1048576.000 Y=-1048576.000 Z=-1048576.000), Max=(X=1048576.000 Y=1048576.000 Z=1048576.000) RuntimeGrid:None EditorOnly:0 RuntimeOnly:0 HLODRelevant:0 FolderPath:Lighting FolderGuid:4C9334684BA61B42C769F799D2576455
 |   |   |- [+] [ 19]
 |   |   |   |- Guid:DDEE8E1A4F7BF78693D591B4CD67A261 BaseClass: NativeClass:/Script/Landscape.LandscapeStreamingProxy Name:LandscapeStreamingProxy_CM7BQYZNSLGTH3SX9HERES4PR_126_3_3_0 Label:LandscapeStreamingProxy_3_3_0 SpatiallyLoaded:1 Bounds:IsValid=true, Min=(X=12600.000 Y=12600.000 Z=-543.750), Max=(X=25200.000 Y=25200.000 Z=2601.562) RuntimeGrid:None EditorOnly:0 RuntimeOnly:0 HLODRelevant:1
 |   |   |- [+] [ 20]
 |   |   |   |- Guid:90E7E2B54DA50B63AEFEFB8DBE2CDEFC BaseClass: NativeClass:/Script/Landscape.LandscapeStreamingProxy Name:LandscapeStreamingProxy_CM7BQYZNSLGTH3SX9HERES4PR_126_2_3_0 Label:LandscapeStreamingProxy_2_3_0 SpatiallyLoaded:1 Bounds:IsValid=true, Min=(X=0.000 Y=12600.000 Z=-1483.594), Max=(X=12600.000 Y=25200.000 Z=3692.969) RuntimeGrid:None EditorOnly:0 RuntimeOnly:0 HLODRelevant:1
 |   |   |- [+] [ 21]
 |   |   |   |- Guid:2DF0D95440BE0EDA81652F860DC7268E BaseClass: NativeClass:/Script/Engine.WorldDataLayers Name:WorldDataLayers Label:WorldDataLayers SpatiallyLoaded:0 Bounds:IsValid=true, Min=(X=0.000 Y=0.000 Z=0.000), Max=(X=0.000 Y=0.000 Z=0.000) RuntimeGrid:None EditorOnly:0 RuntimeOnly:0 HLODRelevant:0
 |   |   |- [+] [ 22]
 |   |   |   |- Guid:EFD975C0484480375FE869B341CC32C1 BaseClass: NativeClass:/Script/Landscape.LandscapeStreamingProxy Name:LandscapeStreamingProxy_CM7BQYZNSLGTH3SX9HERES4PR_126_0_2_0 Label:LandscapeStreamingProxy_0_2_0 SpatiallyLoaded:1 Bounds:IsValid=true, Min=(X=-25200.000 Y=0.000 Z=-3896.875), Max=(X=-12600.000 Y=12600.000 Z=100.000) RuntimeGrid:None EditorOnly:0 RuntimeOnly:0 HLODRelevant:1
 |   |   |- [+] [ 23]
 |   |   |   |- Guid:83F518E944D823505EAB7CB9FD1FC8D9 BaseClass: NativeClass:/Script/Landscape.LandscapeStreamingProxy Name:LandscapeStreamingProxy_CM7BQYZNSLGTH3SX9HERES4PR_126_0_0_0 Label:LandscapeStreamingProxy_0_0_0 SpatiallyLoaded:1 Bounds:IsValid=true, Min=(X=-25200.000 Y=-25200.000 Z=0.000), Max=(X=-12600.000 Y=-12600.000 Z=200.000) RuntimeGrid:None EditorOnly:0 RuntimeOnly:0 HLODRelevant:1
 |   |   |- [+] [ 24]
 |   |   |   |- Guid:66BCBF874D2A22ADC6523B95EE812CA3 BaseClass: NativeClass:/Script/Engine.StaticMeshActor Name:StaticMeshActor_UAID_A4AE111137DC5CFB00_1660657071 Label:SM_SkySphere SpatiallyLoaded:0 Bounds:IsValid=true, Min=(X=-1638400.000 Y=-1638400.000 Z=-1638400.000), Max=(X=1638400.000 Y=1638400.000 Z=1638400.000) RuntimeGrid:None EditorOnly:0 RuntimeOnly:0 HLODRelevant:1 FolderPath:Lighting FolderGuid:4C9334684BA61B42C769F799D2576455
 |   |   |- [+] [ 25]
 |   |   |   |- Guid:F7B1FA4541FA155BCD53CC8DCC32AF59 BaseClass: NativeClass:/Script/Landscape.LandscapeStreamingProxy Name:LandscapeStreamingProxy_CM7BQYZNSLGTH3SX9HERES4PR_126_1_2_0 Label:LandscapeStreamingProxy_1_2_0 SpatiallyLoaded:1 Bounds:IsValid=true, Min=(X=-12600.000 Y=0.000 Z=-246.875), Max=(X=0.000 Y=12600.000 Z=200.000) RuntimeGrid:None EditorOnly:0 RuntimeOnly:0 HLODRelevant:1
 |   |   |- [+] [ 26]
 |   |   |   |- Guid:88A01FB6458CCD6D38990CB653F7C0BE BaseClass: NativeClass:/Script/Landscape.Landscape Name:Landscape_UAID_F02F7415F77F264C01_2074329103 Label:Landscape SpatiallyLoaded:0 Bounds:IsValid=true, Min=(X=-25200.000 Y=-25200.000 Z=100.000), Max=(X=-25200.000 Y=-25200.000 Z=100.000) RuntimeGrid:None EditorOnly:0 RuntimeOnly:0 HLODRelevant:0
 |   |   |- [+] [ 27]
 |   |   |   |- Guid:130B51D2436F90C717484AB06ADFB53F BaseClass: NativeClass:/Script/Landscape.LandscapeStreamingProxy Name:LandscapeStreamingProxy_CM7BQYZNSLGTH3SX9HERES4PR_126_2_0_0 Label:LandscapeStreamingProxy_2_0_0 SpatiallyLoaded:1 Bounds:IsValid=true, Min=(X=0.000 Y=-25200.000 Z=0.000), Max=(X=12600.000 Y=-12600.000 Z=1126.562) RuntimeGrid:None EditorOnly:0 RuntimeOnly:0 HLODRelevant:1
 |   |   |- [+] [ 28]
 |   |   |   |- Guid:7F18974B44FB5A684D59419F4613BF9C BaseClass: NativeClass:/Script/Landscape.LandscapeStreamingProxy Name:LandscapeStreamingProxy_CM7BQYZNSLGTH3SX9HERES4PR_126_1_1_0 Label:LandscapeStreamingProxy_1_1_0 SpatiallyLoaded:1 Bounds:IsValid=true, Min=(X=-12600.000 Y=-12600.000 Z=0.000), Max=(X=0.000 Y=0.000 Z=200.000) RuntimeGrid:None EditorOnly:0 RuntimeOnly:0 HLODRelevant:1
 |   |   |- [+] [ 29]
 |   |   |   |- Guid:1742DF43475F097453197AA79C7473D9 BaseClass: NativeClass:/Script/Engine.SkyLight Name:SkyLight_1 Label:SkyLight SpatiallyLoaded:0 Bounds:IsValid=true, Min=(X=0.000 Y=0.000 Z=690.000), Max=(X=0.000 Y=0.000 Z=690.000) RuntimeGrid:None EditorOnly:0 RuntimeOnly:0 HLODRelevant:0 FolderPath:Lighting FolderGuid:4C9334684BA61B42C769F799D2576455
 |   |   |- [+] [ 30]
 |   |   |   |- Guid:FCD047524FF03AA77F6853AF8C2EC5B3 BaseClass: NativeClass:/Script/Engine.StaticMeshActor Name:StaticMeshActor_UAID_F02F7415F77F574D01_1175677783 Label:SM_Plains_Scrap_BridgeRail01 SpatiallyLoaded:1 Bounds:IsValid=true, Min=(X=4694.890 Y=10585.722 Z=-282.586), Max=(X=5557.495 Y=11338.741 Z=1279.354) RuntimeGrid:None EditorOnly:0 RuntimeOnly:0 HLODRelevant:1
 |   |   |- [+] [ 31]
 |   |   |   |- Guid:86CA7DAE45B573FE61019BAC00893B0E BaseClass: NativeClass:/Script/Engine.StaticMeshActor Name:StaticMeshActor_UAID_F02F7415F77F574D01_1188148784 Label:SM_Plains_Floors_Rubble SpatiallyLoaded:1 Bounds:IsValid=true, Min=(X=2470.710 Y=-1188.010 Z=86.193), Max=(X=2808.672 Y=-926.841 Z=181.208) RuntimeGrid:None EditorOnly:0 RuntimeOnly:0 HLODRelevant:1
 |   |   |- [+] [ 32]
 |   |   |   |- Guid:BC518BCA4B539273EAC9CB8C895AEDA0 BaseClass: NativeClass:/Script/Engine.StaticMeshActor Name:StaticMeshActor_UAID_F02F7415F77F574D01_1212291785 Label:SM_Cherry_Tree SpatiallyLoaded:1 Bounds:IsValid=true, Min=(X=-1758.619 Y=-2833.771 Z=120.000), Max=(X=-1354.752 Y=-2482.689 Z=759.652) RuntimeGrid:None EditorOnly:0 RuntimeOnly:0 HLODRelevant:1
 |   |   |- [+] [ 33]
 |   |   |   |- Guid:CD25240B4135AF5E454D1EB05A6DAB13 BaseClass: NativeClass:/Script/Engine.StaticMeshActor Name:StaticMeshActor_UAID_F02F7415F77F574D01_1220621786 Label:SM_Cherry_Tree2 SpatiallyLoaded:1 Bounds:IsValid=true, Min=(X=-2308.619 Y=-893.771 Z=120.000), Max=(X=-1904.752 Y=-542.689 Z=759.652) RuntimeGrid:None EditorOnly:0 RuntimeOnly:0 HLODRelevant:1
 |   |   |- [+] [ 34]
 |   |   |   |- Guid:D654107242FB2CBDDD89D08BDEC61B79 BaseClass: NativeClass:/Script/Engine.StaticMeshActor Name:StaticMeshActor_UAID_F02F7415F77F574D01_1221850787 Label:SM_Cherry_Tree3 SpatiallyLoaded:1 Bounds:IsValid=true, Min=(X=-1798.619 Y=176.229 Z=120.000), Max=(X=-1394.752 Y=527.311 Z=759.652) RuntimeGrid:None EditorOnly:0 RuntimeOnly:0 HLODRelevant:1
 |   |   |- [+] [ 35]
 |   |   |   |- Guid:031D799B4D46CE093B2BEAB68064B9C1 BaseClass: NativeClass:/Script/Engine.StaticMeshActor Name:StaticMeshActor_UAID_F02F7415F77F584D01_1177597966 Label:Box SpatiallyLoaded:1 Bounds:IsValid=true, Min=(X=5096.637 Y=-9349.276 Z=160.000), Max=(X=6183.363 Y=-8210.724 Z=587.672) RuntimeGrid:None EditorOnly:0 RuntimeOnly:0 HLODRelevant:0
 |   |   |- [+] [ 36]
 |   |   |   |- Guid:BDF34568468BF572E6D04EAF33DAB054 BaseClass: NativeClass:/Script/Engine.StaticMeshActor Name:StaticMeshActor_UAID_F02F7415F77F584D01_2135054972 Label:SM_Plains_Scrap_BridgeRail2 SpatiallyLoaded:1 Bounds:IsValid=true, Min=(X=3745.460 Y=13935.491 Z=-282.586), Max=(X=4049.112 Y=14960.336 Z=1279.354) RuntimeGrid:None EditorOnly:0 RuntimeOnly:0 HLODRelevant:1
 |- ContainerInstances:
 |- [+] MainContainer:
 |   |-        ID: 0x0000000000000000
 |   |-    Bounds: IsValid=false, Min=(X=0.000 Y=0.000 Z=0.000), Max=(X=0.000 Y=0.000 Z=0.000)
 |   |- Transform: 0.000000,0.000000,0.000000|0.000000,0.000000,-0.000000|1.000000,1.000000,1.000000
 |   |- Container: /Game/TopDown/Maps/TopDownMap
----------------------------------------------------------------------------------------------------------------
TopDownMap - Persistent Level
----------------------------------------------------------------------------------------------------------------
Always loaded Actor Count: 85 

----------------------------------------------------------------------------------------------------------------
TopDownMap - Runtime Spatial Hash - Streaming Grid - MainGrid
----------------------------------------------------------------------------------------------------------------
            Origin: X=0.000 Y=0.000 Z=0.000
         Cell Size: 12800
      World Bounds: IsValid=false, Min=(X=0.000 Y=0.000 Z=0.000), Max=(X=0.000 Y=0.000 Z=0.000)
     Loading Range: 25600.00
Block Slow Loading: No
 ClientOnlyVisible: No

[+] Grid Levels: 1
 |- Level  0: Cell Count    0 | Cell Size   12800 | Actor Count    0 (0.0%)

[+] Content of Grid Level 0

